[debug] > Exec(;reload; set _root_.org.jetbrains.sbt.StructureKeys.sbtStructureOptions in Global := "download resolveClassifiers resolveSbtClassifiers" ;*/*:dumpStructureTo C:/Users/JOSELV~1/AppData/Local/Temp/sbt-structure.xml; session clear-all ; set ideaPort in Global := 49814, None, None)
[debug] > Exec(reload, None, None)
[debug] > Exec(sbtStashOnFailure, None, None)
[debug] > Exec(onFailure loadFailed, None, None)
[debug] > Exec(loadp, None, None)
[info] welcome to sbt 1.4.0 (Oracle Corporation Java 11.0.8)
[debug]       Load.loadUnit: plugins took 31.4521ms
[debug]       Load.loadUnit: defsScala took 0.0121ms
[debug] [Loading] Scanning directory C:\Users\Jose L Vera\.sbt\1.0\plugins
[debug] [Loading] Found non-root projects 
[debug] [Loading] Done in C:\Users\Jose L Vera\.sbt\1.0\plugins, returning: ()
[debug] deducing auto plugins based on known facts Set(Atom(sbt.plugins.CorePlugin)) and clauses Clauses(List(Clause(Atom(sbt.plugins.JvmPlugin),Set(Atom(sbt.plugins.IvyPlugin))), Clause(Atom(sbt.ScriptedPlugin),Set(Atom(sbt.plugins.JvmPlugin))), Clause(Atom(sbt.plugins.SbtPlugin),Set(Atom(sbt.ScriptedPlugin))), Clause(Atom(sbt.plugins.SemanticdbPlugin),Set(Atom(sbt.plugins.JvmPlugin))), Clause(Atom(sbt.plugins.JUnitXmlReportPlugin),Set(Atom(sbt.plugins.JvmPlugin))), Clause(Atom(sbt.plugins.MiniDependencyTreePlugin),Set(Atom(sbt.plugins.JvmPlugin))), Clause(Atom(sbt.plugins.CorePlugin),Set(Atom(sbt.plugins.IvyPlugin))), Clause(Atom(sbt.plugins.IvyPlugin),Set(Atom(sbt.plugins.JvmPlugin))), Clause(Atom(sbt.plugins.JvmPlugin),Set(Atom(sbt.plugins.SemanticdbPlugin))), Clause(Atom(sbt.plugins.JvmPlugin),Set(Atom(sbt.plugins.JUnitXmlReportPlugin))), Clause(Atom(sbt.plugins.CorePlugin),Set(Atom(sbt.plugins.Giter8TemplatePlugin))), Clause(Atom(sbt.plugins.JvmPlugin),Set(Atom(sbt.plugins.MiniDependencyTreePlugin)))))
[debug]   :: deduced result: Matched(sbt.plugins.CorePlugin,sbt.plugins.Giter8TemplatePlugin,sbt.plugins.IvyPlugin,sbt.plugins.JvmPlugin,sbt.plugins.MiniDependencyTreePlugin,sbt.plugins.JUnitXmlReportPlugin,sbt.plugins.SemanticdbPlugin)
[debug] Plugins.deducer#function took 1.7119 ms
[debug]           Load.resolveProject(global-plugins) took 1.2722ms
[debug]         Load.loadTransitive: finalizeProject(Project(id global-plugins, base: C:\Users\Jose L Vera\.sbt\1.0\plugins, plugins: List(<none>))) took 3.6061ms
[debug] [Loading] Done in C:\Users\Jose L Vera\.sbt\1.0\plugins, returning: (global-plugins)
[debug]       Load.loadUnit: loadedProjectsRaw took 4.9474ms
[debug]       Load.loadUnit: cleanEvalClasses took 0.0125ms
[debug]     Load.loadUnit(file:/C:/Users/Jose%20L%20Vera/.sbt/1.0/plugins/, ...) took 39.5781ms
[debug]   Load.apply: load took 41.2037ms
[debug]   Load.apply: resolveProjects took 0.1771ms
[debug]   Load.apply: finalTransforms took 8.4015ms
[debug]   Load.apply: config.delegates took 0.3638ms
[debug]   Load.apply: Def.make(settings)... took 68.182ms
[debug]   Load.apply: structureIndex took 31.403ms
[debug]   Load.apply: mkStreams took 0.0045ms
[info] loading global plugins from C:\Users\Jose L Vera\.sbt\1.0\plugins
[debug] Running task... Cancel: Signal, check cycles: false, forcegc: true
[debug] Load.defaultLoad until apply took 537.9752ms
[debug]           Load.loadUnit: plugins took 31.5124ms
[debug]           Load.loadUnit: defsScala took 0.0049ms
[debug] [Loading] Scanning directory C:\Users\Jose L Vera\Documents\Fall 2020\Programming Language\PLA4v2\project
[debug]             Load.loadUnit: mkEval took 0.3907ms
[debug] [Loading] Found non-root projects 
[debug] [Loading] Done in C:\Users\Jose L Vera\Documents\Fall 2020\Programming Language\PLA4v2\project, returning: ()
[debug] deducing auto plugins based on known facts Set(Atom(sbt.plugins.CorePlugin)) and clauses Clauses(List(Clause(Atom(sbt.plugins.JvmPlugin),Set(Atom(sbt.plugins.IvyPlugin))), Clause(Atom(sbt.ScriptedPlugin),Set(Atom(sbt.plugins.JvmPlugin))), Clause(Atom(sbt.plugins.SbtPlugin),Set(Atom(sbt.ScriptedPlugin))), Clause(Atom(sbt.plugins.SemanticdbPlugin),Set(Atom(sbt.plugins.JvmPlugin))), Clause(Atom(sbt.plugins.JUnitXmlReportPlugin),Set(Atom(sbt.plugins.JvmPlugin))), Clause(Atom(sbt.plugins.MiniDependencyTreePlugin),Set(Atom(sbt.plugins.JvmPlugin))), Clause(Atom(sbt.plugins.CorePlugin),Set(Atom(sbt.plugins.IvyPlugin))), Clause(Atom(sbt.plugins.IvyPlugin),Set(Atom(sbt.plugins.JvmPlugin))), Clause(Atom(sbt.plugins.JvmPlugin),Set(Atom(sbt.plugins.SemanticdbPlugin))), Clause(Atom(sbt.plugins.JvmPlugin),Set(Atom(sbt.plugins.JUnitXmlReportPlugin))), Clause(Atom(sbt.plugins.CorePlugin),Set(Atom(sbt.plugins.Giter8TemplatePlugin))), Clause(Atom(sbt.plugins.JvmPlugin),Set(Atom(sbt.plugins.MiniDependencyTreePlugin)))))
[debug]   :: deduced result: Matched(sbt.plugins.CorePlugin,sbt.plugins.Giter8TemplatePlugin,sbt.plugins.IvyPlugin,sbt.plugins.JvmPlugin,sbt.plugins.MiniDependencyTreePlugin,sbt.plugins.JUnitXmlReportPlugin,sbt.plugins.SemanticdbPlugin)
[debug] Plugins.deducer#function took 1.9668 ms
[info] loading settings for project pla4v2-build from idea1.sbt ...
[debug]               Load.resolveProject(pla4v2-build) took 1.6894ms
[debug]             Load.loadTransitive: finalizeProject(Project(id pla4v2-build, base: C:\Users\Jose L Vera\Documents\Fall 2020\Programming Language\PLA4v2\project, plugins: List(<none>))) took 4.235ms
[debug] [Loading] Done in C:\Users\Jose L Vera\Documents\Fall 2020\Programming Language\PLA4v2\project, returning: (pla4v2-build)
[debug]           Load.loadUnit: loadedProjectsRaw took 27.9516ms
[debug]           Load.loadUnit: cleanEvalClasses took 1.0021ms
[debug]         Load.loadUnit(file:/C:/Users/Jose%20L%20Vera/Documents/Fall%202020/Programming%20Language/PLA4v2/project/, ...) took 61.1762ms
[debug]       Load.apply: load took 62.9868ms
[debug]       Load.apply: resolveProjects took 0.1508ms
[debug]       Load.apply: finalTransforms took 8.883ms
[debug]       Load.apply: config.delegates took 0.3424ms
[debug]       Load.apply: Def.make(settings)... took 69.9131ms
[debug]       Load.apply: structureIndex took 25.2564ms
[debug]       Load.apply: mkStreams took 0.0047ms
[info] loading project definition from C:\Users\Jose L Vera\Documents\Fall 2020\Programming Language\PLA4v2\project
[debug] Running task... Cancel: Signal, check cycles: false, forcegc: true
[debug]     Load.loadUnit: plugins took 495.8909ms
[debug]     Load.loadUnit: defsScala took 0.0099ms
[debug] [Loading] Scanning directory C:\Users\Jose L Vera\Documents\Fall 2020\Programming Language\PLA4v2
[debug]       Load.loadUnit: mkEval took 0.3626ms
[debug] [Loading] Found non-root projects 
[debug] [Loading] Done in C:\Users\Jose L Vera\Documents\Fall 2020\Programming Language\PLA4v2, returning: ()
[debug] deducing auto plugins based on known facts Set(Atom(sbt.plugins.CorePlugin)) and clauses Clauses(List(Clause(Atom(sbt.plugins.JvmPlugin),Set(Atom(sbt.plugins.IvyPlugin))), Clause(Atom(sbt.ScriptedPlugin),Set(Atom(sbt.plugins.JvmPlugin))), Clause(Atom(sbt.plugins.SbtPlugin),Set(Atom(sbt.ScriptedPlugin))), Clause(Atom(sbt.plugins.SemanticdbPlugin),Set(Atom(sbt.plugins.JvmPlugin))), Clause(Atom(sbt.plugins.JUnitXmlReportPlugin),Set(Atom(sbt.plugins.JvmPlugin))), Clause(Atom(sbt.plugins.MiniDependencyTreePlugin),Set(Atom(sbt.plugins.JvmPlugin))), Clause(Atom(org.jetbrains.sbt.StructurePlugin),Set(Atom(sbt.plugins.JvmPlugin))), Clause(Atom(org.jetbrains.sbt.IdeaShellPlugin),Set(Atom(sbt.plugins.JvmPlugin))), Clause(Atom(org.jetbrains.sbt.indices.SbtIntellijIndicesPlugin),Set(Atom(sbt.plugins.JvmPlugin))), Clause(Atom(sbt.plugins.CorePlugin),Set(Atom(sbt.plugins.IvyPlugin))), Clause(Atom(sbt.plugins.IvyPlugin),Set(Atom(sbt.plugins.JvmPlugin))), Clause(Atom(sbt.plugins.JvmPlugin),Set(Atom(sbt.plugins.SemanticdbPlugin))), Clause(Atom(sbt.plugins.JvmPlugin),Set(Atom(sbt.plugins.JUnitXmlReportPlugin))), Clause(Atom(sbt.plugins.CorePlugin),Set(Atom(sbt.plugins.Giter8TemplatePlugin))), Clause(Atom(sbt.plugins.JvmPlugin),Set(Atom(sbt.plugins.MiniDependencyTreePlugin))), Clause(Atom(sbt.plugins.JvmPlugin),Set(Atom(org.jetbrains.sbt.StructurePlugin))), Clause(Atom(sbt.plugins.JvmPlugin),Set(Atom(org.jetbrains.sbt.IdeaShellPlugin))), Clause(And(Set(Atom(sbt.plugins.CorePlugin), Atom(sbt.plugins.JvmPlugin))),Set(Atom(org.jetbrains.sbt.indices.SbtIntellijIndicesPlugin)))))
[debug]   :: deduced result: Matched(sbt.plugins.CorePlugin,sbt.plugins.Giter8TemplatePlugin,sbt.plugins.IvyPlugin,sbt.plugins.JvmPlugin,sbt.plugins.SemanticdbPlugin,org.jetbrains.sbt.indices.SbtIntellijIndicesPlugin,sbt.plugins.JUnitXmlReportPlugin,org.jetbrains.sbt.IdeaShellPlugin,org.jetbrains.sbt.StructurePlugin,sbt.plugins.MiniDependencyTreePlugin)
[debug] Plugins.deducer#function took 1.977 ms
[info] loading settings for project pla4v2 from build.sbt ...
[debug]         Load.resolveProject(pla4v2) took 32.6552ms
[debug]       Load.loadTransitive: finalizeProject(Project(id pla4v2, base: C:\Users\Jose L Vera\Documents\Fall 2020\Programming Language\PLA4v2, plugins: List(<none>))) took 35.3324ms
[debug] [Loading] Done in C:\Users\Jose L Vera\Documents\Fall 2020\Programming Language\PLA4v2, returning: (pla4v2)
[debug]     Load.loadUnit: loadedProjectsRaw took 100.4375ms
[debug]     Load.loadUnit: cleanEvalClasses took 3.8676ms
[debug]   Load.loadUnit(file:/C:/Users/Jose%20L%20Vera/Documents/Fall%202020/Programming%20Language/PLA4v2/, ...) took 601.7028ms
[debug] Load.apply: load took 604.404ms
[debug] Load.apply: resolveProjects took 0.1145ms
[debug] Load.apply: finalTransforms took 19.9816ms
[debug] Load.apply: config.delegates took 0.3362ms
[debug] Load.apply: Def.make(settings)... took 69.2609ms
[debug] Load.apply: structureIndex took 28.7606ms
[debug] Load.apply: mkStreams took 0.0036ms
[warn] Discarding 1 session setting.  Use 'session save' to persist session settings.
[info] set current project to PLA4v2 (in build file:/C:/Users/Jose%20L%20Vera/Documents/Fall%202020/Programming%20Language/PLA4v2/)
[debug] > Exec(sbtPopOnFailure, None, None)
[debug] > Exec(resumeFromFailure, None, None)
[debug] > Exec(set _root_.org.jetbrains.sbt.StructureKeys.sbtStructureOptions in Global := "download resolveClassifiers resolveSbtClassifiers", None, None)
[info] Defining Global / sbtStructureOptions
[info] The new value will be used by Global / ssOptions
[debug] Defining 
[debug] 	Global / sbtStructureOptions
[debug] 
[debug] The new value will be used by 
[debug] 	Global / ssOptions
[info] Reapplying settings...
[info] set current project to PLA4v2 (in build file:/C:/Users/Jose%20L%20Vera/Documents/Fall%202020/Programming%20Language/PLA4v2/)
[debug] > Exec(*/*:dumpStructureTo C:/Users/JOSELV~1/AppData/Local/Temp/sbt-structure.xml, None, None)
[debug] Evaluating tasks: Global / dumpStructureTo
[debug] Running task... Cancel: Signal, check cycles: false, forcegc: true
[info] Writing structure to C:\Users\JOSELV~1\AppData\Local\Temp\sbt-structure.xml...
[info] Done.
[success] Total time: 8 s, completed Oct 15, 2020, 3:02:58 AM
[debug] > Exec(session clear-all, None, None)
[info] Reapplying settings...
[info] set current project to PLA4v2 (in build file:/C:/Users/Jose%20L%20Vera/Documents/Fall%202020/Programming%20Language/PLA4v2/)
[debug] > Exec(set ideaPort in Global := 49814, None, None)
[info] Defining Global / ideaPort
[info] The new value will be used by Compile / compile, Test / compile
[debug] Defining 
[debug] 	Global / ideaPort
[debug] 
[debug] The new value will be used by 
[debug] 	Compile / compile
[debug] 	Test / compile
[info] Reapplying settings...
[info] set current project to PLA4v2 (in build file:/C:/Users/Jose%20L%20Vera/Documents/Fall%202020/Programming%20Language/PLA4v2/)
[debug] > Exec(idea-shell, None, None)
[debug] > Exec(, None, None)
[debug] > Exec(idea-shell, None, None)
[debug] > Exec(, None, None)
[debug] > Exec(idea-shell, None, None)
[debug] > Exec(, None, None)
[debug] > Exec(idea-shell, None, None)
