[debug] > Exec(early(addDefaultCommands), None, None)
[debug] > Exec(addDefaultCommands, None, None)
[debug] > Exec(early(initialize), None, None)
[debug] > Exec(initialize, None, None)
[debug] > Exec(early(addPluginSbtFile="""C:\Users\JOSELV~1\AppData\Local\Temp\idea1.sbt"""), None, None)
[debug] > Exec(addPluginSbtFile="""C:\Users\JOSELV~1\AppData\Local\Temp\idea1.sbt""", None, None)
[debug] > Exec(boot, None, None)
[debug] > Exec(writeSbtVersion, None, None)
[debug] > Exec(reload, None, None)
[debug] > Exec(sbtStashOnFailure, None, None)
[debug] > Exec(onFailure loadFailed, None, None)
[debug] > Exec(loadp, None, None)
[info] welcome to sbt 1.4.0 (Oracle Corporation Java 11.0.8)
[debug]       Load.loadUnit: plugins took 156.4364ms
[debug]       Load.loadUnit: defsScala took 0.5174ms
[debug] [Loading] Scanning directory C:\Users\Jose L Vera\.sbt\1.0\plugins
[debug] [Loading] Found non-root projects 
[debug] [Loading] Done in C:\Users\Jose L Vera\.sbt\1.0\plugins, returning: ()
[debug] deducing auto plugins based on known facts Set(Atom(sbt.plugins.CorePlugin)) and clauses Clauses(List(Clause(Atom(sbt.plugins.JvmPlugin),Set(Atom(sbt.plugins.IvyPlugin))), Clause(Atom(sbt.ScriptedPlugin),Set(Atom(sbt.plugins.JvmPlugin))), Clause(Atom(sbt.plugins.SbtPlugin),Set(Atom(sbt.ScriptedPlugin))), Clause(Atom(sbt.plugins.SemanticdbPlugin),Set(Atom(sbt.plugins.JvmPlugin))), Clause(Atom(sbt.plugins.JUnitXmlReportPlugin),Set(Atom(sbt.plugins.JvmPlugin))), Clause(Atom(sbt.plugins.MiniDependencyTreePlugin),Set(Atom(sbt.plugins.JvmPlugin))), Clause(Atom(sbt.plugins.CorePlugin),Set(Atom(sbt.plugins.IvyPlugin))), Clause(Atom(sbt.plugins.IvyPlugin),Set(Atom(sbt.plugins.JvmPlugin))), Clause(Atom(sbt.plugins.JvmPlugin),Set(Atom(sbt.plugins.SemanticdbPlugin))), Clause(Atom(sbt.plugins.JvmPlugin),Set(Atom(sbt.plugins.JUnitXmlReportPlugin))), Clause(Atom(sbt.plugins.CorePlugin),Set(Atom(sbt.plugins.Giter8TemplatePlugin))), Clause(Atom(sbt.plugins.JvmPlugin),Set(Atom(sbt.plugins.MiniDependencyTreePlugin)))))
[debug]   :: deduced result: Matched(sbt.plugins.CorePlugin,sbt.plugins.Giter8TemplatePlugin,sbt.plugins.IvyPlugin,sbt.plugins.JvmPlugin,sbt.plugins.MiniDependencyTreePlugin,sbt.plugins.JUnitXmlReportPlugin,sbt.plugins.SemanticdbPlugin)
[debug] Plugins.deducer#function took 37.9542 ms
[debug]           Load.resolveProject(global-plugins) took 197.3903ms
[debug]         Load.loadTransitive: finalizeProject(Project(id global-plugins, base: C:\Users\Jose L Vera\.sbt\1.0\plugins, plugins: List(<none>))) took 282.3698ms
[debug] [Loading] Done in C:\Users\Jose L Vera\.sbt\1.0\plugins, returning: (global-plugins)
[debug]       Load.loadUnit: loadedProjectsRaw took 315.9628ms
[debug]       Load.loadUnit: cleanEvalClasses took 0.2761ms
[debug]     Load.loadUnit(file:/C:/Users/Jose%20L%20Vera/.sbt/1.0/plugins/, ...) took 489.4009ms
[debug]   Load.apply: load took 818.5672ms
[debug]   Load.apply: resolveProjects took 8.0797ms
[debug]   Load.apply: finalTransforms took 84.3169ms
[debug]   Load.apply: config.delegates took 9.2306ms
[debug]   Load.apply: Def.make(settings)... took 1295.4468ms
[debug]   Load.apply: structureIndex took 140.3854ms
[debug]   Load.apply: mkStreams took 1.9375ms
[info] loading global plugins from C:\Users\Jose L Vera\.sbt\1.0\plugins
[debug] Running task... Cancel: Signal, check cycles: false, forcegc: true
[debug] Load.defaultLoad until apply took 4936.7923ms
[debug]           Load.loadUnit: plugins took 36.6665ms
[debug]           Load.loadUnit: defsScala took 0.0049ms
[debug] [Loading] Scanning directory C:\Users\Jose L Vera\Documents\Fall 2020\Programming Language\PLA4v2\project
[debug]             Load.loadUnit: mkEval took 10.3843ms
[debug] [Loading] Found non-root projects 
[debug] [Loading] Done in C:\Users\Jose L Vera\Documents\Fall 2020\Programming Language\PLA4v2\project, returning: ()
[debug] deducing auto plugins based on known facts Set(Atom(sbt.plugins.CorePlugin)) and clauses Clauses(List(Clause(Atom(sbt.plugins.JvmPlugin),Set(Atom(sbt.plugins.IvyPlugin))), Clause(Atom(sbt.ScriptedPlugin),Set(Atom(sbt.plugins.JvmPlugin))), Clause(Atom(sbt.plugins.SbtPlugin),Set(Atom(sbt.ScriptedPlugin))), Clause(Atom(sbt.plugins.SemanticdbPlugin),Set(Atom(sbt.plugins.JvmPlugin))), Clause(Atom(sbt.plugins.JUnitXmlReportPlugin),Set(Atom(sbt.plugins.JvmPlugin))), Clause(Atom(sbt.plugins.MiniDependencyTreePlugin),Set(Atom(sbt.plugins.JvmPlugin))), Clause(Atom(sbt.plugins.CorePlugin),Set(Atom(sbt.plugins.IvyPlugin))), Clause(Atom(sbt.plugins.IvyPlugin),Set(Atom(sbt.plugins.JvmPlugin))), Clause(Atom(sbt.plugins.JvmPlugin),Set(Atom(sbt.plugins.SemanticdbPlugin))), Clause(Atom(sbt.plugins.JvmPlugin),Set(Atom(sbt.plugins.JUnitXmlReportPlugin))), Clause(Atom(sbt.plugins.CorePlugin),Set(Atom(sbt.plugins.Giter8TemplatePlugin))), Clause(Atom(sbt.plugins.JvmPlugin),Set(Atom(sbt.plugins.MiniDependencyTreePlugin)))))
[debug]   :: deduced result: Matched(sbt.plugins.CorePlugin,sbt.plugins.Giter8TemplatePlugin,sbt.plugins.IvyPlugin,sbt.plugins.JvmPlugin,sbt.plugins.MiniDependencyTreePlugin,sbt.plugins.JUnitXmlReportPlugin,sbt.plugins.SemanticdbPlugin)
[debug] Plugins.deducer#function took 2.1479 ms
[info] loading settings for project pla4v2-build from idea1.sbt ...
[debug]               Load.resolveProject(pla4v2-build) took 4.4344ms
[debug]             Load.loadTransitive: finalizeProject(Project(id pla4v2-build, base: C:\Users\Jose L Vera\Documents\Fall 2020\Programming Language\PLA4v2\project, plugins: List(<none>))) took 7.2517ms
[debug] [Loading] Done in C:\Users\Jose L Vera\Documents\Fall 2020\Programming Language\PLA4v2\project, returning: (pla4v2-build)
[debug]           Load.loadUnit: loadedProjectsRaw took 207.1732ms
[debug]           Load.loadUnit: cleanEvalClasses took 6.8078ms
[debug]         Load.loadUnit(file:/C:/Users/Jose%20L%20Vera/Documents/Fall%202020/Programming%20Language/PLA4v2/project/, ...) took 252.123ms
[debug]       Load.apply: load took 254.2348ms
[debug]       Load.apply: resolveProjects took 0.1479ms
[debug]       Load.apply: finalTransforms took 11.374ms
[debug]       Load.apply: config.delegates took 0.5248ms
[debug]       Load.apply: Def.make(settings)... took 100.0196ms
[debug]       Load.apply: structureIndex took 36.8033ms
[debug]       Load.apply: mkStreams took 0.0031ms
[info] loading project definition from C:\Users\Jose L Vera\Documents\Fall 2020\Programming Language\PLA4v2\project
[debug] Running task... Cancel: Signal, check cycles: false, forcegc: true
[debug]     Load.loadUnit: plugins took 1011.3244ms
[debug]     Load.loadUnit: defsScala took 0.0031ms
[debug] [Loading] Scanning directory C:\Users\Jose L Vera\Documents\Fall 2020\Programming Language\PLA4v2
[debug]       Load.loadUnit: mkEval took 0.481ms
[debug] [Loading] Found non-root projects 
[debug] [Loading] Done in C:\Users\Jose L Vera\Documents\Fall 2020\Programming Language\PLA4v2, returning: ()
[debug] deducing auto plugins based on known facts Set(Atom(sbt.plugins.CorePlugin)) and clauses Clauses(List(Clause(Atom(sbt.plugins.JvmPlugin),Set(Atom(sbt.plugins.IvyPlugin))), Clause(Atom(sbt.ScriptedPlugin),Set(Atom(sbt.plugins.JvmPlugin))), Clause(Atom(sbt.plugins.SbtPlugin),Set(Atom(sbt.ScriptedPlugin))), Clause(Atom(sbt.plugins.SemanticdbPlugin),Set(Atom(sbt.plugins.JvmPlugin))), Clause(Atom(sbt.plugins.JUnitXmlReportPlugin),Set(Atom(sbt.plugins.JvmPlugin))), Clause(Atom(sbt.plugins.MiniDependencyTreePlugin),Set(Atom(sbt.plugins.JvmPlugin))), Clause(Atom(org.jetbrains.sbt.StructurePlugin),Set(Atom(sbt.plugins.JvmPlugin))), Clause(Atom(org.jetbrains.sbt.IdeaShellPlugin),Set(Atom(sbt.plugins.JvmPlugin))), Clause(Atom(org.jetbrains.sbt.indices.SbtIntellijIndicesPlugin),Set(Atom(sbt.plugins.JvmPlugin))), Clause(Atom(sbt.plugins.CorePlugin),Set(Atom(sbt.plugins.IvyPlugin))), Clause(Atom(sbt.plugins.IvyPlugin),Set(Atom(sbt.plugins.JvmPlugin))), Clause(Atom(sbt.plugins.JvmPlugin),Set(Atom(sbt.plugins.SemanticdbPlugin))), Clause(Atom(sbt.plugins.JvmPlugin),Set(Atom(sbt.plugins.JUnitXmlReportPlugin))), Clause(Atom(sbt.plugins.CorePlugin),Set(Atom(sbt.plugins.Giter8TemplatePlugin))), Clause(Atom(sbt.plugins.JvmPlugin),Set(Atom(sbt.plugins.MiniDependencyTreePlugin))), Clause(Atom(sbt.plugins.JvmPlugin),Set(Atom(org.jetbrains.sbt.StructurePlugin))), Clause(Atom(sbt.plugins.JvmPlugin),Set(Atom(org.jetbrains.sbt.IdeaShellPlugin))), Clause(And(Set(Atom(sbt.plugins.CorePlugin), Atom(sbt.plugins.JvmPlugin))),Set(Atom(org.jetbrains.sbt.indices.SbtIntellijIndicesPlugin)))))
[debug]   :: deduced result: Matched(sbt.plugins.CorePlugin,sbt.plugins.Giter8TemplatePlugin,sbt.plugins.IvyPlugin,sbt.plugins.JvmPlugin,sbt.plugins.SemanticdbPlugin,org.jetbrains.sbt.indices.SbtIntellijIndicesPlugin,sbt.plugins.JUnitXmlReportPlugin,org.jetbrains.sbt.IdeaShellPlugin,org.jetbrains.sbt.StructurePlugin,sbt.plugins.MiniDependencyTreePlugin)
[debug] Plugins.deducer#function took 2.7708 ms
[info] loading settings for project pla4v2 from build.sbt ...
[debug]         Load.resolveProject(pla4v2) took 53.4889ms
[debug]       Load.loadTransitive: finalizeProject(Project(id pla4v2, base: C:\Users\Jose L Vera\Documents\Fall 2020\Programming Language\PLA4v2, plugins: List(<none>))) took 58.0139ms
[debug] [Loading] Done in C:\Users\Jose L Vera\Documents\Fall 2020\Programming Language\PLA4v2, returning: (pla4v2)
[debug]     Load.loadUnit: loadedProjectsRaw took 124.8975ms
[debug]     Load.loadUnit: cleanEvalClasses took 6.3754ms
[debug]   Load.loadUnit(file:/C:/Users/Jose%20L%20Vera/Documents/Fall%202020/Programming%20Language/PLA4v2/, ...) took 1143.3635ms
[debug] Load.apply: load took 1145.5517ms
[debug] Load.apply: resolveProjects took 0.1674ms
[debug] Load.apply: finalTransforms took 45.2625ms
[debug] Load.apply: config.delegates took 0.4353ms
[debug] Load.apply: Def.make(settings)... took 110.3296ms
[debug] Load.apply: structureIndex took 34.6448ms
[debug] Load.apply: mkStreams took 0.0032ms
[info] set current project to PLA4v2 (in build file:/C:/Users/Jose%20L%20Vera/Documents/Fall%202020/Programming%20Language/PLA4v2/)
[debug] > Exec(sbtPopOnFailure, None, None)
[debug] > Exec(resumeFromFailure, None, None)
[debug] > Exec(notifyUsersAboutShell, None, None)
[debug] > Exec(iflast shell, None, None)
[debug] > Exec(; set ideaPort in Global := 49814 ; idea-shell, None, None)
[debug] > Exec(set ideaPort in Global := 49814, None, None)
[info] Defining Global / ideaPort
[info] The new value will be used by Compile / compile, Test / compile
[debug] Defining 
[debug] 	Global / ideaPort
[debug] 
[debug] The new value will be used by 
[debug] 	Compile / compile
[debug] 	Test / compile
[info] Reapplying settings...
[info] set current project to PLA4v2 (in build file:/C:/Users/Jose%20L%20Vera/Documents/Fall%202020/Programming%20Language/PLA4v2/)
[debug] > Exec(idea-shell, None, None)
